{"C:\\Users\\barra\\trabajo\\IWEB\\ejemplo_testing\\src\\App.jsx": {"path":"C:\\Users\\barra\\trabajo\\IWEB\\ejemplo_testing\\src\\App.jsx","all":false,"statementMap":{"0":{"start":{"line":1,"column":0},"end":{"line":1,"column":33}},"1":{"start":{"line":2,"column":0},"end":{"line":2,"column":59}},"2":{"start":{"line":3,"column":0},"end":{"line":3,"column":59}},"3":{"start":{"line":4,"column":0},"end":{"line":4,"column":65}},"4":{"start":{"line":5,"column":0},"end":{"line":5,"column":65}},"6":{"start":{"line":7,"column":0},"end":{"line":7,"column":16}},"7":{"start":{"line":8,"column":0},"end":{"line":8,"column":40}},"8":{"start":{"line":9,"column":0},"end":{"line":9,"column":10}},"9":{"start":{"line":10,"column":0},"end":{"line":10,"column":6}},"10":{"start":{"line":11,"column":0},"end":{"line":11,"column":22}},"12":{"start":{"line":13,"column":0},"end":{"line":13,"column":35}},"14":{"start":{"line":15,"column":0},"end":{"line":15,"column":10}},"15":{"start":{"line":16,"column":0},"end":{"line":16,"column":16}},"16":{"start":{"line":17,"column":0},"end":{"line":17,"column":26}},"17":{"start":{"line":18,"column":0},"end":{"line":18,"column":18}},"18":{"start":{"line":19,"column":0},"end":{"line":19,"column":10}},"20":{"start":{"line":21,"column":0},"end":{"line":21,"column":46}},"22":{"start":{"line":23,"column":0},"end":{"line":23,"column":46}},"24":{"start":{"line":25,"column":0},"end":{"line":25,"column":48}},"26":{"start":{"line":27,"column":0},"end":{"line":27,"column":48}},"28":{"start":{"line":29,"column":0},"end":{"line":29,"column":58}},"29":{"start":{"line":30,"column":0},"end":{"line":30,"column":12}},"30":{"start":{"line":31,"column":0},"end":{"line":31,"column":7}},"32":{"start":{"line":33,"column":0},"end":{"line":33,"column":1}},"34":{"start":{"line":35,"column":0},"end":{"line":35,"column":19}}},"s":{"0":1,"1":1,"2":1,"3":1,"4":1,"6":6,"7":6,"8":6,"9":6,"10":6,"12":6,"14":6,"15":6,"16":6,"17":6,"18":6,"20":6,"22":6,"24":6,"26":6,"28":6,"29":6,"30":6,"32":6,"34":1},"branchMap":{"0":{"type":"branch","line":7,"loc":{"start":{"line":7,"column":0},"end":{"line":33,"column":1}},"locations":[{"start":{"line":7,"column":0},"end":{"line":33,"column":1}}]},"1":{"type":"branch","line":29,"loc":{"start":{"line":29,"column":25},"end":{"line":29,"column":44}},"locations":[{"start":{"line":29,"column":25},"end":{"line":29,"column":44}}]}},"b":{"0":[6],"1":[1]},"fnMap":{"0":{"name":"App","decl":{"start":{"line":7,"column":0},"end":{"line":33,"column":1}},"loc":{"start":{"line":7,"column":0},"end":{"line":33,"column":1}},"line":7},"1":{"name":"onClick","decl":{"start":{"line":29,"column":25},"end":{"line":29,"column":44}},"loc":{"start":{"line":29,"column":25},"end":{"line":29,"column":44}},"line":29}},"f":{"0":6,"1":1}}
,"C:\\Users\\barra\\trabajo\\IWEB\\ejemplo_testing\\src\\UserForm.jsx": {"path":"C:\\Users\\barra\\trabajo\\IWEB\\ejemplo_testing\\src\\UserForm.jsx","all":false,"statementMap":{"0":{"start":{"line":1,"column":0},"end":{"line":1,"column":14}},"1":{"start":{"line":2,"column":0},"end":{"line":2,"column":40}},"3":{"start":{"line":4,"column":0},"end":{"line":4,"column":21}},"4":{"start":{"line":5,"column":0},"end":{"line":5,"column":39}},"5":{"start":{"line":6,"column":0},"end":{"line":6,"column":41}},"6":{"start":{"line":7,"column":0},"end":{"line":7,"column":52}},"8":{"start":{"line":9,"column":0},"end":{"line":9,"column":31}},"9":{"start":{"line":10,"column":0},"end":{"line":10,"column":23}},"10":{"start":{"line":11,"column":0},"end":{"line":11,"column":24}},"11":{"start":{"line":12,"column":0},"end":{"line":12,"column":25}},"12":{"start":{"line":13,"column":0},"end":{"line":13,"column":5}},"13":{"start":{"line":14,"column":0},"end":{"line":14,"column":4}},"15":{"start":{"line":16,"column":0},"end":{"line":16,"column":10}},"16":{"start":{"line":17,"column":0},"end":{"line":17,"column":9}},"17":{"start":{"line":18,"column":0},"end":{"line":18,"column":24}},"18":{"start":{"line":19,"column":0},"end":{"line":19,"column":36}},"19":{"start":{"line":20,"column":0},"end":{"line":20,"column":13}},"20":{"start":{"line":21,"column":0},"end":{"line":21,"column":45}},"21":{"start":{"line":22,"column":0},"end":{"line":22,"column":16}},"22":{"start":{"line":23,"column":0},"end":{"line":23,"column":21}},"23":{"start":{"line":24,"column":0},"end":{"line":24,"column":23}},"24":{"start":{"line":25,"column":0},"end":{"line":25,"column":24}},"25":{"start":{"line":26,"column":0},"end":{"line":26,"column":53}},"26":{"start":{"line":27,"column":0},"end":{"line":27,"column":41}},"27":{"start":{"line":28,"column":0},"end":{"line":28,"column":12}},"28":{"start":{"line":29,"column":0},"end":{"line":29,"column":14}},"29":{"start":{"line":30,"column":0},"end":{"line":30,"column":13}},"30":{"start":{"line":31,"column":0},"end":{"line":31,"column":47}},"31":{"start":{"line":32,"column":0},"end":{"line":32,"column":16}},"32":{"start":{"line":33,"column":0},"end":{"line":33,"column":22}},"33":{"start":{"line":34,"column":0},"end":{"line":34,"column":24}},"34":{"start":{"line":35,"column":0},"end":{"line":35,"column":25}},"35":{"start":{"line":36,"column":0},"end":{"line":36,"column":54}},"36":{"start":{"line":37,"column":0},"end":{"line":37,"column":42}},"37":{"start":{"line":38,"column":0},"end":{"line":38,"column":12}},"38":{"start":{"line":39,"column":0},"end":{"line":39,"column":14}},"39":{"start":{"line":40,"column":0},"end":{"line":40,"column":45}},"40":{"start":{"line":41,"column":0},"end":{"line":41,"column":13}},"41":{"start":{"line":42,"column":0},"end":{"line":42,"column":86}},"42":{"start":{"line":43,"column":0},"end":{"line":43,"column":10}},"44":{"start":{"line":45,"column":0},"end":{"line":45,"column":1}},"46":{"start":{"line":47,"column":0},"end":{"line":47,"column":24}}},"s":{"0":1,"1":1,"3":9,"4":9,"5":9,"6":9,"8":9,"9":2,"10":2,"11":1,"12":1,"13":2,"15":9,"16":9,"17":9,"18":9,"19":9,"20":9,"21":9,"22":9,"23":9,"24":9,"25":9,"26":9,"27":9,"28":9,"29":9,"30":9,"31":9,"32":9,"33":9,"34":9,"35":9,"36":9,"37":9,"38":9,"39":9,"40":9,"41":9,"42":9,"44":9,"46":1},"branchMap":{"0":{"type":"branch","line":4,"loc":{"start":{"line":4,"column":0},"end":{"line":45,"column":1}},"locations":[{"start":{"line":4,"column":0},"end":{"line":45,"column":1}}]},"1":{"type":"branch","line":42,"loc":{"start":{"line":42,"column":7},"end":{"line":42,"column":86}},"locations":[{"start":{"line":42,"column":7},"end":{"line":42,"column":86}}]},"2":{"type":"branch","line":9,"loc":{"start":{"line":9,"column":23},"end":{"line":14,"column":4}},"locations":[{"start":{"line":9,"column":23},"end":{"line":14,"column":4}}]},"3":{"type":"branch","line":11,"loc":{"start":{"line":11,"column":8},"end":{"line":11,"column":23}},"locations":[{"start":{"line":11,"column":8},"end":{"line":11,"column":23}}]},"4":{"type":"branch","line":11,"loc":{"start":{"line":11,"column":23},"end":{"line":13,"column":5}},"locations":[{"start":{"line":11,"column":23},"end":{"line":13,"column":5}}]},"5":{"type":"branch","line":26,"loc":{"start":{"line":26,"column":22},"end":{"line":26,"column":53}},"locations":[{"start":{"line":26,"column":22},"end":{"line":26,"column":53}}]},"6":{"type":"branch","line":36,"loc":{"start":{"line":36,"column":22},"end":{"line":36,"column":54}},"locations":[{"start":{"line":36,"column":22},"end":{"line":36,"column":54}}]}},"b":{"0":[9],"1":[1],"2":[2],"3":[1],"4":[1],"5":[2],"6":[2]},"fnMap":{"0":{"name":"UserForm","decl":{"start":{"line":4,"column":0},"end":{"line":45,"column":1}},"loc":{"start":{"line":4,"column":0},"end":{"line":45,"column":1}},"line":4},"1":{"name":"handleSubmit","decl":{"start":{"line":9,"column":23},"end":{"line":14,"column":4}},"loc":{"start":{"line":9,"column":23},"end":{"line":14,"column":4}},"line":9},"2":{"name":"onChange","decl":{"start":{"line":26,"column":22},"end":{"line":26,"column":53}},"loc":{"start":{"line":26,"column":22},"end":{"line":26,"column":53}},"line":26},"3":{"name":"onChange","decl":{"start":{"line":36,"column":22},"end":{"line":36,"column":54}},"loc":{"start":{"line":36,"column":22},"end":{"line":36,"column":54}},"line":36}},"f":{"0":9,"1":2,"2":2,"3":2}}
,"C:\\Users\\barra\\trabajo\\IWEB\\ejemplo_testing\\src\\main.jsx": {"path":"C:\\Users\\barra\\trabajo\\IWEB\\ejemplo_testing\\src\\main.jsx","all":true,"statementMap":{"0":{"start":{"line":1,"column":0},"end":{"line":1,"column":34}},"1":{"start":{"line":2,"column":0},"end":{"line":2,"column":45}},"2":{"start":{"line":3,"column":0},"end":{"line":3,"column":27}},"3":{"start":{"line":4,"column":0},"end":{"line":4,"column":20}},"5":{"start":{"line":6,"column":0},"end":{"line":6,"column":51}},"6":{"start":{"line":7,"column":0},"end":{"line":7,"column":14}},"7":{"start":{"line":8,"column":0},"end":{"line":8,"column":11}},"8":{"start":{"line":9,"column":0},"end":{"line":9,"column":16}},"9":{"start":{"line":10,"column":0},"end":{"line":10,"column":1}}},"s":{"0":0,"1":0,"2":0,"3":0,"5":0,"6":0,"7":0,"8":0,"9":0},"branchMap":{"0":{"type":"branch","line":1,"loc":{"start":{"line":1,"column":228},"end":{"line":10,"column":1}},"locations":[{"start":{"line":1,"column":228},"end":{"line":10,"column":1}}]}},"b":{"0":[0]},"fnMap":{"0":{"name":"(empty-report)","decl":{"start":{"line":1,"column":228},"end":{"line":10,"column":1}},"loc":{"start":{"line":1,"column":228},"end":{"line":10,"column":1}},"line":1}},"f":{"0":0}}
,"C:\\Users\\barra\\trabajo\\IWEB\\ejemplo_testing\\src\\quotes.js": {"path":"C:\\Users\\barra\\trabajo\\IWEB\\ejemplo_testing\\src\\quotes.js","all":true,"statementMap":{"0":{"start":{"line":1,"column":0},"end":{"line":1,"column":23}},"1":{"start":{"line":2,"column":0},"end":{"line":2,"column":68}},"2":{"start":{"line":3,"column":0},"end":{"line":3,"column":86}},"3":{"start":{"line":4,"column":0},"end":{"line":4,"column":76}},"4":{"start":{"line":5,"column":0},"end":{"line":5,"column":78}},"5":{"start":{"line":6,"column":0},"end":{"line":6,"column":75}},"6":{"start":{"line":7,"column":0},"end":{"line":7,"column":4}}},"s":{"0":0,"1":0,"2":0,"3":0,"4":0,"5":0,"6":0},"branchMap":{"0":{"type":"branch","line":1,"loc":{"start":{"line":1,"column":422},"end":{"line":7,"column":4}},"locations":[{"start":{"line":1,"column":422},"end":{"line":7,"column":4}}]}},"b":{"0":[0]},"fnMap":{"0":{"name":"(empty-report)","decl":{"start":{"line":1,"column":422},"end":{"line":7,"column":4}},"loc":{"start":{"line":1,"column":422},"end":{"line":7,"column":4}},"line":1}},"f":{"0":0}}
,"C:\\Users\\barra\\trabajo\\IWEB\\ejemplo_testing\\src\\components\\buttons\\decrease.jsx": {"path":"C:\\Users\\barra\\trabajo\\IWEB\\ejemplo_testing\\src\\components\\buttons\\decrease.jsx","all":false,"statementMap":{"0":{"start":{"line":1,"column":0},"end":{"line":1,"column":42}},"1":{"start":{"line":2,"column":0},"end":{"line":2,"column":12}},"2":{"start":{"line":3,"column":0},"end":{"line":3,"column":78}},"4":{"start":{"line":5,"column":0},"end":{"line":5,"column":4}},"6":{"start":{"line":7,"column":0},"end":{"line":7,"column":32}}},"s":{"0":1,"1":6,"2":6,"4":6,"6":1},"branchMap":{"0":{"type":"branch","line":1,"loc":{"start":{"line":1,"column":23},"end":{"line":5,"column":4}},"locations":[{"start":{"line":1,"column":23},"end":{"line":5,"column":4}}]}},"b":{"0":[6]},"fnMap":{"0":{"name":"DecreaseButton","decl":{"start":{"line":1,"column":23},"end":{"line":5,"column":4}},"loc":{"start":{"line":1,"column":23},"end":{"line":5,"column":4}},"line":1},"1":{"name":"onClick","decl":{"start":{"line":3,"column":23},"end":{"line":3,"column":61}},"loc":{"start":{"line":3,"column":23},"end":{"line":3,"column":61}},"line":3}},"f":{"0":6,"1":0}}
,"C:\\Users\\barra\\trabajo\\IWEB\\ejemplo_testing\\src\\components\\buttons\\decreaseBy10.jsx": {"path":"C:\\Users\\barra\\trabajo\\IWEB\\ejemplo_testing\\src\\components\\buttons\\decreaseBy10.jsx","all":false,"statementMap":{"0":{"start":{"line":1,"column":0},"end":{"line":1,"column":44}},"1":{"start":{"line":2,"column":0},"end":{"line":2,"column":12}},"2":{"start":{"line":3,"column":0},"end":{"line":3,"column":62}},"4":{"start":{"line":5,"column":0},"end":{"line":5,"column":15}},"6":{"start":{"line":7,"column":0},"end":{"line":7,"column":4}},"8":{"start":{"line":9,"column":0},"end":{"line":9,"column":34}}},"s":{"0":1,"1":6,"2":6,"4":6,"6":6,"8":1},"branchMap":{"0":{"type":"branch","line":1,"loc":{"start":{"line":1,"column":25},"end":{"line":7,"column":4}},"locations":[{"start":{"line":1,"column":25},"end":{"line":7,"column":4}}]}},"b":{"0":[6]},"fnMap":{"0":{"name":"Decrease10Button","decl":{"start":{"line":1,"column":25},"end":{"line":7,"column":4}},"loc":{"start":{"line":1,"column":25},"end":{"line":7,"column":4}},"line":1},"1":{"name":"onClick","decl":{"start":{"line":3,"column":23},"end":{"line":3,"column":62}},"loc":{"start":{"line":3,"column":23},"end":{"line":3,"column":62}},"line":3}},"f":{"0":6,"1":0}}
,"C:\\Users\\barra\\trabajo\\IWEB\\ejemplo_testing\\src\\components\\buttons\\increase.jsx": {"path":"C:\\Users\\barra\\trabajo\\IWEB\\ejemplo_testing\\src\\components\\buttons\\increase.jsx","all":false,"statementMap":{"0":{"start":{"line":1,"column":0},"end":{"line":1,"column":42}},"1":{"start":{"line":2,"column":0},"end":{"line":2,"column":12}},"2":{"start":{"line":3,"column":0},"end":{"line":3,"column":78}},"4":{"start":{"line":5,"column":0},"end":{"line":5,"column":4}},"6":{"start":{"line":7,"column":0},"end":{"line":7,"column":32}}},"s":{"0":1,"1":7,"2":7,"4":7,"6":1},"branchMap":{"0":{"type":"branch","line":1,"loc":{"start":{"line":1,"column":23},"end":{"line":5,"column":4}},"locations":[{"start":{"line":1,"column":23},"end":{"line":5,"column":4}}]},"1":{"type":"branch","line":3,"loc":{"start":{"line":3,"column":23},"end":{"line":3,"column":61}},"locations":[{"start":{"line":3,"column":23},"end":{"line":3,"column":61}}]},"2":{"type":"branch","line":3,"loc":{"start":{"line":3,"column":38},"end":{"line":3,"column":58}},"locations":[{"start":{"line":3,"column":38},"end":{"line":3,"column":58}}]}},"b":{"0":[7],"1":[2],"2":[2]},"fnMap":{"0":{"name":"IncreaseButton","decl":{"start":{"line":1,"column":23},"end":{"line":5,"column":4}},"loc":{"start":{"line":1,"column":23},"end":{"line":5,"column":4}},"line":1},"1":{"name":"onClick","decl":{"start":{"line":3,"column":23},"end":{"line":3,"column":61}},"loc":{"start":{"line":3,"column":23},"end":{"line":3,"column":61}},"line":3}},"f":{"0":7,"1":2}}
,"C:\\Users\\barra\\trabajo\\IWEB\\ejemplo_testing\\src\\components\\buttons\\increaseBy10.jsx": {"path":"C:\\Users\\barra\\trabajo\\IWEB\\ejemplo_testing\\src\\components\\buttons\\increaseBy10.jsx","all":false,"statementMap":{"0":{"start":{"line":1,"column":0},"end":{"line":1,"column":44}},"1":{"start":{"line":2,"column":0},"end":{"line":2,"column":12}},"2":{"start":{"line":3,"column":0},"end":{"line":3,"column":84}},"4":{"start":{"line":5,"column":0},"end":{"line":5,"column":15}},"6":{"start":{"line":7,"column":0},"end":{"line":7,"column":4}},"8":{"start":{"line":9,"column":0},"end":{"line":9,"column":34}}},"s":{"0":1,"1":6,"2":6,"4":6,"6":6,"8":1},"branchMap":{"0":{"type":"branch","line":1,"loc":{"start":{"line":1,"column":25},"end":{"line":7,"column":4}},"locations":[{"start":{"line":1,"column":25},"end":{"line":7,"column":4}}]},"1":{"type":"branch","line":3,"loc":{"start":{"line":3,"column":45},"end":{"line":3,"column":84}},"locations":[{"start":{"line":3,"column":45},"end":{"line":3,"column":84}}]},"2":{"type":"branch","line":3,"loc":{"start":{"line":3,"column":60},"end":{"line":3,"column":81}},"locations":[{"start":{"line":3,"column":60},"end":{"line":3,"column":81}}]}},"b":{"0":[6],"1":[1],"2":[1]},"fnMap":{"0":{"name":"Increase10Button","decl":{"start":{"line":1,"column":25},"end":{"line":7,"column":4}},"loc":{"start":{"line":1,"column":25},"end":{"line":7,"column":4}},"line":1},"1":{"name":"onClick","decl":{"start":{"line":3,"column":45},"end":{"line":3,"column":84}},"loc":{"start":{"line":3,"column":45},"end":{"line":3,"column":84}},"line":3}},"f":{"0":6,"1":1}}
}
